2019-08-22 15:46:55,806 - ResourceManager : found templates/common/generator/edit.js.vm with loader org.apache.velocity.runtime.resource.loader.ClasspathResourceLoader
2019-08-22 15:46:55,808 - ResourceManager : found templates/common/generator/menu.sql.vm with loader org.apache.velocity.runtime.resource.loader.ClasspathResourceLoader
2019-08-26 09:42:45,079 - Log4JLogChute initialized using file 'velocity.log'
2019-08-26 09:42:45,079 - The version of log4j being used does not support the "trace" level.
2019-08-26 09:42:45,079 - Initializing Velocity, Calling init()...
2019-08-26 09:42:45,079 - *******************************************************************
2019-08-26 09:42:45,079 - Starting Apache Velocity v1.7 (compiled: 2010-11-19 12:14:37)
2019-08-26 09:42:45,080 - RuntimeInstance initializing.
2019-08-26 09:42:45,080 - Default Properties File: org\apache\velocity\runtime\defaults\velocity.properties
2019-08-26 09:42:45,080 - Trying to use logger class org.apache.velocity.runtime.log.AvalonLogChute
2019-08-26 09:42:45,080 - Target log system for org.apache.velocity.runtime.log.AvalonLogChute is not available (java.lang.NoClassDefFoundError: org/apache/log/Priority).  Falling back to next log system...
2019-08-26 09:42:45,080 - Trying to use logger class org.apache.velocity.runtime.log.Log4JLogChute
2019-08-26 09:42:45,080 - Using logger class org.apache.velocity.runtime.log.Log4JLogChute
2019-08-26 09:42:45,081 - Default ResourceManager initializing. (class org.apache.velocity.runtime.resource.ResourceManagerImpl)
2019-08-26 09:42:45,082 - ResourceLoader instantiated: org.apache.velocity.runtime.resource.loader.ClasspathResourceLoader
2019-08-26 09:42:45,083 - ClasspathResourceLoader : initialization complete.
2019-08-26 09:42:45,088 - ResourceCache: initialized (class org.apache.velocity.runtime.resource.ResourceCacheImpl) with class java.util.Collections$SynchronizedMap cache map.
2019-08-26 09:42:45,088 - Default ResourceManager initialization complete.
2019-08-26 09:42:45,090 - Loaded System Directive: org.apache.velocity.runtime.directive.Stop
2019-08-26 09:42:45,091 - Loaded System Directive: org.apache.velocity.runtime.directive.Define
2019-08-26 09:42:45,091 - Loaded System Directive: org.apache.velocity.runtime.directive.Break
2019-08-26 09:42:45,092 - Loaded System Directive: org.apache.velocity.runtime.directive.Evaluate
2019-08-26 09:42:45,092 - Loaded System Directive: org.apache.velocity.runtime.directive.Literal
2019-08-26 09:42:45,093 - Loaded System Directive: org.apache.velocity.runtime.directive.Macro
2019-08-26 09:42:45,093 - Loaded System Directive: org.apache.velocity.runtime.directive.Parse
2019-08-26 09:42:45,094 - Loaded System Directive: org.apache.velocity.runtime.directive.Include
2019-08-26 09:42:45,095 - Loaded System Directive: org.apache.velocity.runtime.directive.Foreach
2019-08-26 09:42:45,103 - Created '20' parsers.
2019-08-26 09:42:45,105 - Velocimacro : initialization starting.
2019-08-26 09:42:45,105 - Velocimacro : "velocimacro.library" is not set.  Trying default library: VM_global_library.vm
2019-08-26 09:42:45,106 - Could not load resource 'VM_global_library.vm' from ResourceLoader org.apache.velocity.runtime.resource.loader.ClasspathResourceLoader: ClasspathResourceLoader Error: cannot find resource VM_global_library.vm
2019-08-26 09:42:45,106 - Velocimacro : Default library not found.
2019-08-26 09:42:45,106 - Velocimacro : allowInline = true : VMs can be defined inline in templates
2019-08-26 09:42:45,106 - Velocimacro : allowInlineToOverride = false : VMs defined inline may NOT replace previous VM definitions
2019-08-26 09:42:45,106 - Velocimacro : allowInlineLocal = false : VMs defined inline will be global in scope if allowed.
2019-08-26 09:42:45,106 - Velocimacro : autoload off : VM system will not automatically reload global library macros
2019-08-26 09:42:45,106 - Velocimacro : Velocimacro : initialization complete.
2019-08-26 09:42:45,106 - RuntimeInstance successfully initialized.
2019-08-26 09:42:45,118 - ResourceManager : found templates/common/generator/domain.java.vm with loader org.apache.velocity.runtime.resource.loader.ClasspathResourceLoader
2019-08-26 09:42:45,129 - ResourceManager : found templates/common/generator/Dao.java.vm with loader org.apache.velocity.runtime.resource.loader.ClasspathResourceLoader
2019-08-26 09:42:45,129 - ResourceManager : found templates/common/generator/Mapper.xml.vm with loader org.apache.velocity.runtime.resource.loader.ClasspathResourceLoader
2019-08-26 09:42:45,129 - ResourceManager : found templates/common/generator/Service.java.vm with loader org.apache.velocity.runtime.resource.loader.ClasspathResourceLoader
2019-08-26 09:42:45,131 - ResourceManager : found templates/common/generator/ServiceImpl.java.vm with loader org.apache.velocity.runtime.resource.loader.ClasspathResourceLoader
2019-08-26 09:42:45,133 - ResourceManager : found templates/common/generator/Controller.java.vm with loader org.apache.velocity.runtime.resource.loader.ClasspathResourceLoader
2019-08-26 09:42:45,134 - ResourceManager : found templates/common/generator/list.html.vm with loader org.apache.velocity.runtime.resource.loader.ClasspathResourceLoader
2019-08-26 09:42:45,135 - ResourceManager : found templates/common/generator/add.html.vm with loader org.apache.velocity.runtime.resource.loader.ClasspathResourceLoader
2019-08-26 09:42:45,136 - ResourceManager : found templates/common/generator/edit.html.vm with loader org.apache.velocity.runtime.resource.loader.ClasspathResourceLoader
2019-08-26 09:42:45,138 - ResourceManager : found templates/common/generator/list.js.vm with loader org.apache.velocity.runtime.resource.loader.ClasspathResourceLoader
2019-08-26 09:42:45,139 - ResourceManager : found templates/common/generator/add.js.vm with loader org.apache.velocity.runtime.resource.loader.ClasspathResourceLoader
2019-08-26 09:42:45,139 - ResourceManager : found templates/common/generator/edit.js.vm with loader org.apache.velocity.runtime.resource.loader.ClasspathResourceLoader
2019-08-26 09:42:45,140 - ResourceManager : found templates/common/generator/menu.sql.vm with loader org.apache.velocity.runtime.resource.loader.ClasspathResourceLoader
2019-08-26 09:42:45,152 - ResourceManager : found templates/common/generator/domain.java.vm with loader org.apache.velocity.runtime.resource.loader.ClasspathResourceLoader
2019-08-26 09:42:45,152 - ResourceManager : found templates/common/generator/Dao.java.vm with loader org.apache.velocity.runtime.resource.loader.ClasspathResourceLoader
2019-08-26 09:42:45,153 - ResourceManager : found templates/common/generator/Mapper.xml.vm with loader org.apache.velocity.runtime.resource.loader.ClasspathResourceLoader
2019-08-26 09:42:45,153 - ResourceManager : found templates/common/generator/Service.java.vm with loader org.apache.velocity.runtime.resource.loader.ClasspathResourceLoader
2019-08-26 09:42:45,154 - ResourceManager : found templates/common/generator/ServiceImpl.java.vm with loader org.apache.velocity.runtime.resource.loader.ClasspathResourceLoader
2019-08-26 09:42:45,155 - ResourceManager : found templates/common/generator/Controller.java.vm with loader org.apache.velocity.runtime.resource.loader.ClasspathResourceLoader
2019-08-26 09:42:45,155 - ResourceManager : found templates/common/generator/list.html.vm with loader org.apache.velocity.runtime.resource.loader.ClasspathResourceLoader
2019-08-26 09:42:45,156 - ResourceManager : found templates/common/generator/add.html.vm with loader org.apache.velocity.runtime.resource.loader.ClasspathResourceLoader
2019-08-26 09:42:45,157 - ResourceManager : found templates/common/generator/edit.html.vm with loader org.apache.velocity.runtime.resource.loader.ClasspathResourceLoader
2019-08-26 09:42:45,158 - ResourceManager : found templates/common/generator/list.js.vm with loader org.apache.velocity.runtime.resource.loader.ClasspathResourceLoader
2019-08-26 09:42:45,158 - ResourceManager : found templates/common/generator/add.js.vm with loader org.apache.velocity.runtime.resource.loader.ClasspathResourceLoader
2019-08-26 09:42:45,159 - ResourceManager : found templates/common/generator/edit.js.vm with loader org.apache.velocity.runtime.resource.loader.ClasspathResourceLoader
2019-08-26 09:42:45,159 - ResourceManager : found templates/common/generator/menu.sql.vm with loader org.apache.velocity.runtime.resource.loader.ClasspathResourceLoader
2019-08-26 09:52:18,688 - Log4JLogChute initialized using file 'velocity.log'
2019-08-26 09:52:18,689 - The version of log4j being used does not support the "trace" level.
2019-08-26 09:52:18,689 - Initializing Velocity, Calling init()...
2019-08-26 09:52:18,689 - *******************************************************************
2019-08-26 09:52:18,689 - Starting Apache Velocity v1.7 (compiled: 2010-11-19 12:14:37)
2019-08-26 09:52:18,689 - RuntimeInstance initializing.
2019-08-26 09:52:18,689 - Default Properties File: org\apache\velocity\runtime\defaults\velocity.properties
2019-08-26 09:52:18,689 - Trying to use logger class org.apache.velocity.runtime.log.AvalonLogChute
2019-08-26 09:52:18,689 - Target log system for org.apache.velocity.runtime.log.AvalonLogChute is not available (java.lang.NoClassDefFoundError: org/apache/log/Priority).  Falling back to next log system...
2019-08-26 09:52:18,689 - Trying to use logger class org.apache.velocity.runtime.log.Log4JLogChute
2019-08-26 09:52:18,689 - Using logger class org.apache.velocity.runtime.log.Log4JLogChute
2019-08-26 09:52:18,691 - Default ResourceManager initializing. (class org.apache.velocity.runtime.resource.ResourceManagerImpl)
2019-08-26 09:52:18,692 - ResourceLoader instantiated: org.apache.velocity.runtime.resource.loader.ClasspathResourceLoader
2019-08-26 09:52:18,693 - ClasspathResourceLoader : initialization complete.
2019-08-26 09:52:18,700 - ResourceCache: initialized (class org.apache.velocity.runtime.resource.ResourceCacheImpl) with class java.util.Collections$SynchronizedMap cache map.
2019-08-26 09:52:18,700 - Default ResourceManager initialization complete.
2019-08-26 09:52:18,701 - Loaded System Directive: org.apache.velocity.runtime.directive.Stop
2019-08-26 09:52:18,702 - Loaded System Directive: org.apache.velocity.runtime.directive.Define
2019-08-26 09:52:18,703 - Loaded System Directive: org.apache.velocity.runtime.directive.Break
2019-08-26 09:52:18,703 - Loaded System Directive: org.apache.velocity.runtime.directive.Evaluate
2019-08-26 09:52:18,703 - Loaded System Directive: org.apache.velocity.runtime.directive.Literal
2019-08-26 09:52:18,704 - Loaded System Directive: org.apache.velocity.runtime.directive.Macro
2019-08-26 09:52:18,704 - Loaded System Directive: org.apache.velocity.runtime.directive.Parse
2019-08-26 09:52:18,705 - Loaded System Directive: org.apache.velocity.runtime.directive.Include
2019-08-26 09:52:18,705 - Loaded System Directive: org.apache.velocity.runtime.directive.Foreach
2019-08-26 09:52:18,714 - Created '20' parsers.
2019-08-26 09:52:18,716 - Velocimacro : initialization starting.
2019-08-26 09:52:18,716 - Velocimacro : "velocimacro.library" is not set.  Trying default library: VM_global_library.vm
2019-08-26 09:52:18,718 - Could not load resource 'VM_global_library.vm' from ResourceLoader org.apache.velocity.runtime.resource.loader.ClasspathResourceLoader: ClasspathResourceLoader Error: cannot find resource VM_global_library.vm
2019-08-26 09:52:18,718 - Velocimacro : Default library not found.
2019-08-26 09:52:18,718 - Velocimacro : allowInline = true : VMs can be defined inline in templates
2019-08-26 09:52:18,718 - Velocimacro : allowInlineToOverride = false : VMs defined inline may NOT replace previous VM definitions
2019-08-26 09:52:18,718 - Velocimacro : allowInlineLocal = false : VMs defined inline will be global in scope if allowed.
2019-08-26 09:52:18,718 - Velocimacro : autoload off : VM system will not automatically reload global library macros
2019-08-26 09:52:18,718 - Velocimacro : Velocimacro : initialization complete.
2019-08-26 09:52:18,718 - RuntimeInstance successfully initialized.
2019-08-26 09:52:18,737 - ResourceManager : found templates/common/generator/domain.java.vm with loader org.apache.velocity.runtime.resource.loader.ClasspathResourceLoader
2019-08-26 09:52:18,748 - ResourceManager : found templates/common/generator/Dao.java.vm with loader org.apache.velocity.runtime.resource.loader.ClasspathResourceLoader
2019-08-26 09:52:18,749 - ResourceManager : found templates/common/generator/Mapper.xml.vm with loader org.apache.velocity.runtime.resource.loader.ClasspathResourceLoader
2019-08-26 09:52:18,749 - ResourceManager : found templates/common/generator/Service.java.vm with loader org.apache.velocity.runtime.resource.loader.ClasspathResourceLoader
2019-08-26 09:52:18,750 - ResourceManager : found templates/common/generator/ServiceImpl.java.vm with loader org.apache.velocity.runtime.resource.loader.ClasspathResourceLoader
2019-08-26 09:52:18,763 - ResourceManager : found templates/common/generator/Controller.java.vm with loader org.apache.velocity.runtime.resource.loader.ClasspathResourceLoader
2019-08-26 09:52:18,772 - ResourceManager : found templates/common/generator/list.html.vm with loader org.apache.velocity.runtime.resource.loader.ClasspathResourceLoader
2019-08-26 09:52:18,782 - ResourceManager : found templates/common/generator/add.html.vm with loader org.apache.velocity.runtime.resource.loader.ClasspathResourceLoader
2019-08-26 09:52:18,795 - ResourceManager : found templates/common/generator/edit.html.vm with loader org.apache.velocity.runtime.resource.loader.ClasspathResourceLoader
2019-08-26 09:52:18,807 - ResourceManager : found templates/common/generator/list.js.vm with loader org.apache.velocity.runtime.resource.loader.ClasspathResourceLoader
2019-08-26 09:52:18,819 - ResourceManager : found templates/common/generator/add.js.vm with loader org.apache.velocity.runtime.resource.loader.ClasspathResourceLoader
2019-08-26 09:52:18,827 - ResourceManager : found templates/common/generator/edit.js.vm with loader org.apache.velocity.runtime.resource.loader.ClasspathResourceLoader
2019-08-26 09:52:18,833 - ResourceManager : found templates/common/generator/menu.sql.vm with loader org.apache.velocity.runtime.resource.loader.ClasspathResourceLoader
2019-08-26 09:52:18,843 - ResourceManager : found templates/common/generator/domain.java.vm with loader org.apache.velocity.runtime.resource.loader.ClasspathResourceLoader
2019-08-26 09:52:18,844 - ResourceManager : found templates/common/generator/Dao.java.vm with loader org.apache.velocity.runtime.resource.loader.ClasspathResourceLoader
2019-08-26 09:52:18,844 - ResourceManager : found templates/common/generator/Mapper.xml.vm with loader org.apache.velocity.runtime.resource.loader.ClasspathResourceLoader
2019-08-26 09:52:18,844 - ResourceManager : found templates/common/generator/Service.java.vm with loader org.apache.velocity.runtime.resource.loader.ClasspathResourceLoader
2019-08-26 09:52:18,845 - ResourceManager : found templates/common/generator/ServiceImpl.java.vm with loader org.apache.velocity.runtime.resource.loader.ClasspathResourceLoader
2019-08-26 09:52:18,846 - ResourceManager : found templates/common/generator/Controller.java.vm with loader org.apache.velocity.runtime.resource.loader.ClasspathResourceLoader
2019-08-26 09:52:18,846 - ResourceManager : found templates/common/generator/list.html.vm with loader org.apache.velocity.runtime.resource.loader.ClasspathResourceLoader
2019-08-26 09:52:18,847 - ResourceManager : found templates/common/generator/add.html.vm with loader org.apache.velocity.runtime.resource.loader.ClasspathResourceLoader
2019-08-26 09:52:18,847 - ResourceManager : found templates/common/generator/edit.html.vm with loader org.apache.velocity.runtime.resource.loader.ClasspathResourceLoader
2019-08-26 09:52:18,848 - ResourceManager : found templates/common/generator/list.js.vm with loader org.apache.velocity.runtime.resource.loader.ClasspathResourceLoader
2019-08-26 09:52:18,849 - ResourceManager : found templates/common/generator/add.js.vm with loader org.apache.velocity.runtime.resource.loader.ClasspathResourceLoader
2019-08-26 09:52:18,849 - ResourceManager : found templates/common/generator/edit.js.vm with loader org.apache.velocity.runtime.resource.loader.ClasspathResourceLoader
2019-08-26 09:52:18,850 - ResourceManager : found templates/common/generator/menu.sql.vm with loader org.apache.velocity.runtime.resource.loader.ClasspathResourceLoader
2019-11-05 13:44:06,958 - Log4JLogChute initialized using file 'velocity.log'
2019-11-05 13:44:06,958 - The version of log4j being used does not support the "trace" level.
2019-11-05 13:44:06,958 - Initializing Velocity, Calling init()...
2019-11-05 13:44:06,958 - *******************************************************************
2019-11-05 13:44:06,958 - Starting Apache Velocity v1.7 (compiled: 2010-11-19 12:14:37)
2019-11-05 13:44:06,958 - RuntimeInstance initializing.
2019-11-05 13:44:06,958 - Default Properties File: org\apache\velocity\runtime\defaults\velocity.properties
2019-11-05 13:44:06,958 - Trying to use logger class org.apache.velocity.runtime.log.AvalonLogChute
2019-11-05 13:44:06,958 - Target log system for org.apache.velocity.runtime.log.AvalonLogChute is not available (java.lang.NoClassDefFoundError: org/apache/log/Priority).  Falling back to next log system...
2019-11-05 13:44:06,959 - Trying to use logger class org.apache.velocity.runtime.log.Log4JLogChute
2019-11-05 13:44:06,959 - Using logger class org.apache.velocity.runtime.log.Log4JLogChute
2019-11-05 13:44:06,960 - Default ResourceManager initializing. (class org.apache.velocity.runtime.resource.ResourceManagerImpl)
2019-11-05 13:44:06,962 - ResourceLoader instantiated: org.apache.velocity.runtime.resource.loader.ClasspathResourceLoader
2019-11-05 13:44:06,962 - ClasspathResourceLoader : initialization complete.
2019-11-05 13:44:06,968 - ResourceCache: initialized (class org.apache.velocity.runtime.resource.ResourceCacheImpl) with class java.util.Collections$SynchronizedMap cache map.
2019-11-05 13:44:06,968 - Default ResourceManager initialization complete.
2019-11-05 13:44:06,970 - Loaded System Directive: org.apache.velocity.runtime.directive.Stop
2019-11-05 13:44:06,970 - Loaded System Directive: org.apache.velocity.runtime.directive.Define
2019-11-05 13:44:06,971 - Loaded System Directive: org.apache.velocity.runtime.directive.Break
2019-11-05 13:44:06,971 - Loaded System Directive: org.apache.velocity.runtime.directive.Evaluate
2019-11-05 13:44:06,972 - Loaded System Directive: org.apache.velocity.runtime.directive.Literal
2019-11-05 13:44:06,972 - Loaded System Directive: org.apache.velocity.runtime.directive.Macro
2019-11-05 13:44:06,973 - Loaded System Directive: org.apache.velocity.runtime.directive.Parse
2019-11-05 13:44:06,974 - Loaded System Directive: org.apache.velocity.runtime.directive.Include
2019-11-05 13:44:06,975 - Loaded System Directive: org.apache.velocity.runtime.directive.Foreach
2019-11-05 13:44:06,983 - Created '20' parsers.
2019-11-05 13:44:06,984 - Velocimacro : initialization starting.
2019-11-05 13:44:06,985 - Velocimacro : "velocimacro.library" is not set.  Trying default library: VM_global_library.vm
2019-11-05 13:44:06,986 - Could not load resource 'VM_global_library.vm' from ResourceLoader org.apache.velocity.runtime.resource.loader.ClasspathResourceLoader: ClasspathResourceLoader Error: cannot find resource VM_global_library.vm
2019-11-05 13:44:06,986 - Velocimacro : Default library not found.
2019-11-05 13:44:06,986 - Velocimacro : allowInline = true : VMs can be defined inline in templates
2019-11-05 13:44:06,986 - Velocimacro : allowInlineToOverride = false : VMs defined inline may NOT replace previous VM definitions
2019-11-05 13:44:06,986 - Velocimacro : allowInlineLocal = false : VMs defined inline will be global in scope if allowed.
2019-11-05 13:44:06,986 - Velocimacro : autoload off : VM system will not automatically reload global library macros
2019-11-05 13:44:06,986 - Velocimacro : Velocimacro : initialization complete.
2019-11-05 13:44:06,986 - RuntimeInstance successfully initialized.
2019-11-05 13:44:06,997 - ResourceManager : found templates/common/generator/domain.java.vm with loader org.apache.velocity.runtime.resource.loader.ClasspathResourceLoader
2019-11-05 13:44:07,015 - ResourceManager : found templates/common/generator/Dao.java.vm with loader org.apache.velocity.runtime.resource.loader.ClasspathResourceLoader
2019-11-05 13:44:07,015 - ResourceManager : found templates/common/generator/Mapper.xml.vm with loader org.apache.velocity.runtime.resource.loader.ClasspathResourceLoader
2019-11-05 13:44:07,016 - ResourceManager : found templates/common/generator/Service.java.vm with loader org.apache.velocity.runtime.resource.loader.ClasspathResourceLoader
2019-11-05 13:44:07,017 - ResourceManager : found templates/common/generator/ServiceImpl.java.vm with loader org.apache.velocity.runtime.resource.loader.ClasspathResourceLoader
2019-11-05 13:44:07,020 - ResourceManager : found templates/common/generator/Controller.java.vm with loader org.apache.velocity.runtime.resource.loader.ClasspathResourceLoader
2019-11-05 13:44:07,021 - ResourceManager : found templates/common/generator/list.html.vm with loader org.apache.velocity.runtime.resource.loader.ClasspathResourceLoader
2019-11-05 13:44:07,022 - ResourceManager : found templates/common/generator/add.html.vm with loader org.apache.velocity.runtime.resource.loader.ClasspathResourceLoader
2019-11-05 13:44:07,025 - ResourceManager : found templates/common/generator/edit.html.vm with loader org.apache.velocity.runtime.resource.loader.ClasspathResourceLoader
2019-11-05 13:44:07,027 - ResourceManager : found templates/common/generator/list.js.vm with loader org.apache.velocity.runtime.resource.loader.ClasspathResourceLoader
2019-11-05 13:44:07,028 - ResourceManager : found templates/common/generator/add.js.vm with loader org.apache.velocity.runtime.resource.loader.ClasspathResourceLoader
2019-11-05 13:44:07,029 - ResourceManager : found templates/common/generator/edit.js.vm with loader org.apache.velocity.runtime.resource.loader.ClasspathResourceLoader
2019-11-05 13:44:07,030 - ResourceManager : found templates/common/generator/menu.sql.vm with loader org.apache.velocity.runtime.resource.loader.ClasspathResourceLoader
2019-11-05 13:50:25,099 - ResourceManager : found templates/common/generator/domain.java.vm with loader org.apache.velocity.runtime.resource.loader.ClasspathResourceLoader
2019-11-05 13:50:25,101 - ResourceManager : found templates/common/generator/Dao.java.vm with loader org.apache.velocity.runtime.resource.loader.ClasspathResourceLoader
2019-11-05 13:50:25,101 - ResourceManager : found templates/common/generator/Mapper.xml.vm with loader org.apache.velocity.runtime.resource.loader.ClasspathResourceLoader
2019-11-05 13:50:25,101 - ResourceManager : found templates/common/generator/Service.java.vm with loader org.apache.velocity.runtime.resource.loader.ClasspathResourceLoader
2019-11-05 13:50:25,102 - ResourceManager : found templates/common/generator/ServiceImpl.java.vm with loader org.apache.velocity.runtime.resource.loader.ClasspathResourceLoader
2019-11-05 13:50:25,103 - ResourceManager : found templates/common/generator/Controller.java.vm with loader org.apache.velocity.runtime.resource.loader.ClasspathResourceLoader
2019-11-05 13:50:25,104 - ResourceManager : found templates/common/generator/list.html.vm with loader org.apache.velocity.runtime.resource.loader.ClasspathResourceLoader
2019-11-05 13:50:25,104 - ResourceManager : found templates/common/generator/add.html.vm with loader org.apache.velocity.runtime.resource.loader.ClasspathResourceLoader
2019-11-05 13:50:25,105 - ResourceManager : found templates/common/generator/edit.html.vm with loader org.apache.velocity.runtime.resource.loader.ClasspathResourceLoader
2019-11-05 13:50:25,106 - ResourceManager : found templates/common/generator/list.js.vm with loader org.apache.velocity.runtime.resource.loader.ClasspathResourceLoader
2019-11-05 13:50:25,107 - ResourceManager : found templates/common/generator/add.js.vm with loader org.apache.velocity.runtime.resource.loader.ClasspathResourceLoader
2019-11-05 13:50:25,107 - ResourceManager : found templates/common/generator/edit.js.vm with loader org.apache.velocity.runtime.resource.loader.ClasspathResourceLoader
2019-11-05 13:50:25,108 - ResourceManager : found templates/common/generator/menu.sql.vm with loader org.apache.velocity.runtime.resource.loader.ClasspathResourceLoader
